# JRE version: 7.0_25-b17
# Java VM: Java HotSpot(TM) 64-Bit Server VM (23.25-b01 mixed mode windows-amd64 compressed oops)
Heap
 PSYoungGen      total 659712K, used 54648K [0x00000007c0000000, 0x00000007ec640000, 0x0000000800000000)
  eden space 657664K, 8% used [0x00000007c0000000,0x00000007c355e020,0x00000007e8240000)
  from space 2048K, 0% used [0x00000007e8240000,0x00000007e8240000,0x00000007e8440000)
  to   space 34816K, 0% used [0x00000007ea440000,0x00000007ea440000,0x00000007ec640000)
 ParOldGen       total 349568K, used 56227K [0x0000000740000000, 0x0000000755560000, 0x00000007c0000000)
  object space 349568K, 16% used [0x0000000740000000,0x00000007436e8cb0,0x0000000755560000)
 PSPermGen       total 68992K, used 56187K [0x000000073ae00000, 0x000000073f160000, 0x0000000740000000)
  object space 68992K, 81% used [0x000000073ae00000,0x000000073e4dedf0,0x000000073f160000)
GC Heap History (10 events):
Event: 902.243 GC heap before
{Heap before GC invocations=36 (full 13):
 PSYoungGen      total 661184K, used 3487K [0x00000007c0000000, 0x00000007ecda0000, 0x0000000800000000)
  eden space 657664K, 0% used [0x00000007c0000000,0x00000007c0000000,0x00000007e8240000)
  from space 3520K, 99% used [0x00000007e8240000,0x00000007e85a7f78,0x00000007e85b0000)
  to   space 38592K, 0% used [0x00000007ea7f0000,0x00000007ea7f0000,0x00000007ecda0000)
 ParOldGen       total 349568K, used 54070K [0x0000000740000000, 0x0000000755560000, 0x00000007c0000000)
  object space 349568K, 15% used [0x0000000740000000,0x00000007434cdb18,0x0000000755560000)
 PSPermGen       total 75392K, used 54794K [0x000000073ae00000, 0x000000073f7a0000, 0x0000000740000000)
  object space 75392K, 72% used [0x000000073ae00000,0x000000073e3828b8,0x000000073f7a0000)
Event: 902.453 GC heap after
Heap after GC invocations=36 (full 13):
 PSYoungGen      total 661184K, used 0K [0x00000007c0000000, 0x00000007ecda0000, 0x0000000800000000)
  eden space 657664K, 0% used [0x00000007c0000000,0x00000007c0000000,0x00000007e8240000)
  from space 3520K, 0% used [0x00000007e8240000,0x00000007e8240000,0x00000007e85b0000)
  to   space 38592K, 0% used [0x00000007ea7f0000,0x00000007ea7f0000,0x00000007ecda0000)
 ParOldGen       total 349568K, used 54856K [0x0000000740000000, 0x0000000755560000, 0x00000007c0000000)
  object space 349568K, 15% used [0x0000000740000000,0x00000007435921e0,0x0000000755560000)
 PSPermGen       total 72640K, used 54794K [0x000000073ae00000, 0x000000073f4f0000, 0x0000000740000000)
  object space 72640K, 75% used [0x000000073ae00000,0x000000073e382818,0x000000073f4f0000)
}
Event: 962.251 GC heap before
{Heap before GC invocations=37 (full 13):
 PSYoungGen      total 661184K, used 118645K [0x00000007c0000000, 0x00000007ecda0000, 0x0000000800000000)
  eden space 657664K, 18% used [0x00000007c0000000,0x00000007c73dd7a8,0x00000007e8240000)
  from space 3520K, 0% used [0x00000007e8240000,0x00000007e8240000,0x00000007e85b0000)
  to   space 38592K, 0% used [0x00000007ea7f0000,0x00000007ea7f0000,0x00000007ecda0000)
 ParOldGen       total 349568K, used 54856K [0x0000000740000000, 0x0000000755560000, 0x00000007c0000000)
  object space 349568K, 15% used [0x0000000740000000,0x00000007435921e0,0x0000000755560000)
 PSPermGen       total 72640K, used 54799K [0x000000073ae00000, 0x000000073f4f0000, 0x0000000740000000)
  object space 72640K, 75% used [0x000000073ae00000,0x000000073e383df8,0x000000073f4f0000)
Event: 962.255 GC heap after
Heap after GC invocations=37 (full 13):
 PSYoungGen      total 692672K, used 821K [0x00000007c0000000, 0x00000007eca20000, 0x0000000800000000)
  eden space 657664K, 0% used [0x00000007c0000000,0x00000007c0000000,0x00000007e8240000)
  from space 35008K, 2% used [0x00000007ea7f0000,0x00000007ea8bd750,0x00000007eca20000)
  to   space 36800K, 0% used [0x00000007e8240000,0x00000007e8240000,0x00000007ea630000)
 ParOldGen       total 349568K, used 54856K [0x0000000740000000, 0x0000000755560000, 0x00000007c0000000)
  object space 349568K, 15% used [0x0000000740000000,0x00000007435921e0,0x0000000755560000)
 PSPermGen       total 72640K, used 54799K [0x000000073ae00000, 0x000000073f4f0000, 0x0000000740000000)
  object space 72640K, 75% used [0x000000073ae00000,0x000000073e383df8,0x000000073f4f0000)
}
Event: 962.255 GC heap before
{Heap before GC invocations=38 (full 14):
 PSYoungGen      total 692672K, used 821K [0x00000007c0000000, 0x00000007eca20000, 0x0000000800000000)
  eden space 657664K, 0% used [0x00000007c0000000,0x00000007c0000000,0x00000007e8240000)
  from space 35008K, 2% used [0x00000007ea7f0000,0x00000007ea8bd750,0x00000007eca20000)
  to   space 36800K, 0% used [0x00000007e8240000,0x00000007e8240000,0x00000007ea630000)
 ParOldGen       total 349568K, used 54856K [0x0000000740000000, 0x0000000755560000, 0x00000007c0000000)
  object space 349568K, 15% used [0x0000000740000000,0x00000007435921e0,0x0000000755560000)
 PSPermGen       total 72640K, used 54799K [0x000000073ae00000, 0x000000073f4f0000, 0x0000000740000000)
  object space 72640K, 75% used [0x000000073ae00000,0x000000073e383df8,0x000000073f4f0000)
Event: 962.459 GC heap after
Heap after GC invocations=38 (full 14):
 PSYoungGen      total 692672K, used 0K [0x00000007c0000000, 0x00000007eca20000, 0x0000000800000000)
  eden space 657664K, 0% used [0x00000007c0000000,0x00000007c0000000,0x00000007e8240000)
  from space 35008K, 0% used [0x00000007ea7f0000,0x00000007ea7f0000,0x00000007eca20000)
  to   space 36800K, 0% used [0x00000007e8240000,0x00000007e8240000,0x00000007ea630000)
 ParOldGen       total 349568K, used 55162K [0x0000000740000000, 0x0000000755560000, 0x00000007c0000000)
  object space 349568K, 15% used [0x0000000740000000,0x00000007435de810,0x0000000755560000)
 PSPermGen       total 70016K, used 54799K [0x000000073ae00000, 0x000000073f260000, 0x0000000740000000)
  object space 70016K, 78% used [0x000000073ae00000,0x000000073e383df8,0x000000073f260000)
}
Event: 1022.264 GC heap before
{Heap before GC invocations=39 (full 14):
 PSYoungGen      total 692672K, used 261659K [0x00000007c0000000, 0x00000007eca20000, 0x0000000800000000)
  eden space 657664K, 39% used [0x00000007c0000000,0x00000007cff86c40,0x00000007e8240000)
  from space 35008K, 0% used [0x00000007ea7f0000,0x00000007ea7f0000,0x00000007eca20000)
  to   space 36800K, 0% used [0x00000007e8240000,0x00000007e8240000,0x00000007ea630000)
 ParOldGen       total 349568K, used 55162K [0x0000000740000000, 0x0000000755560000, 0x00000007c0000000)
  object space 349568K, 15% used [0x0000000740000000,0x00000007435de810,0x0000000755560000)
 PSPermGen       total 70016K, used 56187K [0x000000073ae00000, 0x000000073f260000, 0x0000000740000000)
  object space 70016K, 80% used [0x000000073ae00000,0x000000073e4dec60,0x000000073f260000)
Event: 1022.268 GC heap after
Heap after GC invocations=39 (full 14):
 PSYoungGen      total 659712K, used 2035K [0x00000007c0000000, 0x00000007ec640000, 0x0000000800000000)
  eden space 657664K, 0% used [0x00000007c0000000,0x00000007c0000000,0x00000007e8240000)
  from space 2048K, 99% used [0x00000007e8240000,0x00000007e843cf30,0x00000007e8440000)
  to   space 34816K, 0% used [0x00000007ea440000,0x00000007ea440000,0x00000007ec640000)
 ParOldGen       total 349568K, used 55162K [0x0000000740000000, 0x0000000755560000, 0x00000007c0000000)
  object space 349568K, 15% used [0x0000000740000000,0x00000007435de810,0x0000000755560000)
 PSPermGen       total 70016K, used 56187K [0x000000073ae00000, 0x000000073f260000, 0x0000000740000000)
  object space 70016K, 80% used [0x000000073ae00000,0x000000073e4dec60,0x000000073f260000)
}
Event: 1022.268 GC heap before
{Heap before GC invocations=40 (full 15):
 PSYoungGen      total 659712K, used 2035K [0x00000007c0000000, 0x00000007ec640000, 0x0000000800000000)
  eden space 657664K, 0% used [0x00000007c0000000,0x00000007c0000000,0x00000007e8240000)
  from space 2048K, 99% used [0x00000007e8240000,0x00000007e843cf30,0x00000007e8440000)
  to   space 34816K, 0% used [0x00000007ea440000,0x00000007ea440000,0x00000007ec640000)
 ParOldGen       total 349568K, used 55162K [0x0000000740000000, 0x0000000755560000, 0x00000007c0000000)
  object space 349568K, 15% used [0x0000000740000000,0x00000007435de810,0x0000000755560000)
 PSPermGen       total 70016K, used 56187K [0x000000073ae00000, 0x000000073f260000, 0x0000000740000000)
  object space 70016K, 80% used [0x000000073ae00000,0x000000073e4dec60,0x000000073f260000)
Event: 1022.533 GC heap after
Heap after GC invocations=40 (full 15):
 PSYoungGen      total 659712K, used 0K [0x00000007c0000000, 0x00000007ec640000, 0x0000000800000000)
  eden space 657664K, 0% used [0x00000007c0000000,0x00000007c0000000,0x00000007e8240000)
  from space 2048K, 0% used [0x00000007e8240000,0x00000007e8240000,0x00000007e8440000)
  to   space 34816K, 0% used [0x00000007ea440000,0x00000007ea440000,0x00000007ec640000)
 ParOldGen       total 349568K, used 56227K [0x0000000740000000, 0x0000000755560000, 0x00000007c0000000)
  object space 349568K, 16% used [0x0000000740000000,0x00000007436e8cb0,0x0000000755560000)
 PSPermGen       total 68992K, used 56186K [0x000000073ae00000, 0x000000073f160000, 0x0000000740000000)
  object space 68992K, 81% used [0x000000073ae00000,0x000000073e4de958,0x000000073f160000)
}

