# JRE version: 7.0_25-b17
# Java VM: Java HotSpot(TM) 64-Bit Server VM (23.25-b01 mixed mode windows-amd64 compressed oops)
Heap
 PSYoungGen      total 169472K, used 153493K [0x00000007c0000000, 0x00000007caaa0000, 0x0000000800000000)
  eden space 163904K, 92% used [0x00000007c0000000,0x00000007c9490c98,0x00000007ca010000)
  from space 5568K, 24% used [0x00000007ca530000,0x00000007ca684b00,0x00000007caaa0000)
  to   space 5248K, 0% used [0x00000007ca010000,0x00000007ca010000,0x00000007ca530000)
 ParOldGen       total 349568K, used 132042K [0x0000000740000000, 0x0000000755560000, 0x00000007c0000000)
  object space 349568K, 37% used [0x0000000740000000,0x00000007480f2ba0,0x0000000755560000)
 PSPermGen       total 59072K, used 59068K [0x000000073ae00000, 0x000000073e7b0000, 0x0000000740000000)
  object space 59072K, 99% used [0x000000073ae00000,0x000000073e7af270,0x000000073e7b0000)
GC Heap History (10 events):
Event: 73763.195 GC heap before
{Heap before GC invocations=792 (full 340):
 PSYoungGen      total 168448K, used 165361K [0x00000007c0000000, 0x00000007caaa0000, 0x0000000800000000)
  eden space 162624K, 100% used [0x00000007c0000000,0x00000007c9ed0000,0x00000007c9ed0000)
  from space 5824K, 47% used [0x00000007c9ed0000,0x00000007ca17c758,0x00000007ca480000)
  to   space 5888K, 0% used [0x00000007ca4e0000,0x00000007ca4e0000,0x00000007caaa0000)
 ParOldGen       total 349568K, used 126750K [0x0000000740000000, 0x0000000755560000, 0x00000007c0000000)
  object space 349568K, 36% used [0x0000000740000000,0x0000000747bc7b78,0x0000000755560000)
 PSPermGen       total 59072K, used 59022K [0x000000073ae00000, 0x000000073e7b0000, 0x0000000740000000)
  object space 59072K, 99% used [0x000000073ae00000,0x000000073e7a3bc8,0x000000073e7b0000)
Event: 73763.199 GC heap after
Heap after GC invocations=792 (full 340):
 PSYoungGen      total 169216K, used 1215K [0x00000007c0000000, 0x00000007caaa0000, 0x0000000800000000)
  eden space 163328K, 0% used [0x00000007c0000000,0x00000007c0000000,0x00000007c9f80000)
  from space 5888K, 20% used [0x00000007ca4e0000,0x00000007ca60fd80,0x00000007caaa0000)
  to   space 5504K, 0% used [0x00000007c9f80000,0x00000007c9f80000,0x00000007ca4e0000)
 ParOldGen       total 349568K, used 128576K [0x0000000740000000, 0x0000000755560000, 0x00000007c0000000)
  object space 349568K, 36% used [0x0000000740000000,0x0000000747d903a8,0x0000000755560000)
 PSPermGen       total 59072K, used 59022K [0x000000073ae00000, 0x000000073e7b0000, 0x0000000740000000)
  object space 59072K, 99% used [0x000000073ae00000,0x000000073e7a3bc8,0x000000073e7b0000)
}
Event: 73784.196 GC heap before
{Heap before GC invocations=793 (full 340):
 PSYoungGen      total 169216K, used 164543K [0x00000007c0000000, 0x00000007caaa0000, 0x0000000800000000)
  eden space 163328K, 100% used [0x00000007c0000000,0x00000007c9f80000,0x00000007c9f80000)
  from space 5888K, 20% used [0x00000007ca4e0000,0x00000007ca60fd80,0x00000007caaa0000)
  to   space 5504K, 0% used [0x00000007c9f80000,0x00000007c9f80000,0x00000007ca4e0000)
 ParOldGen       total 349568K, used 128576K [0x0000000740000000, 0x0000000755560000, 0x00000007c0000000)
  object space 349568K, 36% used [0x0000000740000000,0x0000000747d903a8,0x0000000755560000)
 PSPermGen       total 59072K, used 59052K [0x000000073ae00000, 0x000000073e7b0000, 0x0000000740000000)
  object space 59072K, 99% used [0x000000073ae00000,0x000000073e7ab2e0,0x000000073e7b0000)
Event: 73784.199 GC heap after
Heap after GC invocations=793 (full 340):
 PSYoungGen      total 168832K, used 1408K [0x00000007c0000000, 0x00000007caaa0000, 0x0000000800000000)
  eden space 163328K, 0% used [0x00000007c0000000,0x00000007c0000000,0x00000007c9f80000)
  from space 5504K, 25% used [0x00000007c9f80000,0x00000007ca0e01e0,0x00000007ca4e0000)
  to   space 5120K, 0% used [0x00000007ca5a0000,0x00000007ca5a0000,0x00000007caaa0000)
 ParOldGen       total 349568K, used 129308K [0x0000000740000000, 0x0000000755560000, 0x00000007c0000000)
  object space 349568K, 36% used [0x0000000740000000,0x0000000747e47090,0x0000000755560000)
 PSPermGen       total 59072K, used 59052K [0x000000073ae00000, 0x000000073e7b0000, 0x0000000740000000)
  object space 59072K, 99% used [0x000000073ae00000,0x000000073e7ab2e0,0x000000073e7b0000)
}
Event: 73786.413 GC heap before
{Heap before GC invocations=794 (full 340):
 PSYoungGen      total 168832K, used 164736K [0x00000007c0000000, 0x00000007caaa0000, 0x0000000800000000)
  eden space 163328K, 100% used [0x00000007c0000000,0x00000007c9f80000,0x00000007c9f80000)
  from space 5504K, 25% used [0x00000007c9f80000,0x00000007ca0e01e0,0x00000007ca4e0000)
  to   space 5120K, 0% used [0x00000007ca5a0000,0x00000007ca5a0000,0x00000007caaa0000)
 ParOldGen       total 349568K, used 129308K [0x0000000740000000, 0x0000000755560000, 0x00000007c0000000)
  object space 349568K, 36% used [0x0000000740000000,0x0000000747e47090,0x0000000755560000)
 PSPermGen       total 59072K, used 59054K [0x000000073ae00000, 0x000000073e7b0000, 0x0000000740000000)
  object space 59072K, 99% used [0x000000073ae00000,0x000000073e7aba68,0x000000073e7b0000)
Event: 73786.416 GC heap after
Heap after GC invocations=794 (full 340):
 PSYoungGen      total 169856K, used 704K [0x00000007c0000000, 0x00000007caaa0000, 0x0000000800000000)
  eden space 164736K, 0% used [0x00000007c0000000,0x00000007c0000000,0x00000007ca0e0000)
  from space 5120K, 13% used [0x00000007ca5a0000,0x00000007ca650000,0x00000007caaa0000)
  to   space 4864K, 0% used [0x00000007ca0e0000,0x00000007ca0e0000,0x00000007ca5a0000)
 ParOldGen       total 349568K, used 130158K [0x0000000740000000, 0x0000000755560000, 0x00000007c0000000)
  object space 349568K, 37% used [0x0000000740000000,0x0000000747f1bbe8,0x0000000755560000)
 PSPermGen       total 59072K, used 59054K [0x000000073ae00000, 0x000000073e7b0000, 0x0000000740000000)
  object space 59072K, 99% used [0x000000073ae00000,0x000000073e7aba68,0x000000073e7b0000)
}
Event: 73789.218 GC heap before
{Heap before GC invocations=795 (full 340):
 PSYoungGen      total 169856K, used 165440K [0x00000007c0000000, 0x00000007caaa0000, 0x0000000800000000)
  eden space 164736K, 100% used [0x00000007c0000000,0x00000007ca0e0000,0x00000007ca0e0000)
  from space 5120K, 13% used [0x00000007ca5a0000,0x00000007ca650000,0x00000007caaa0000)
  to   space 4864K, 0% used [0x00000007ca0e0000,0x00000007ca0e0000,0x00000007ca5a0000)
 ParOldGen       total 349568K, used 130158K [0x0000000740000000, 0x0000000755560000, 0x00000007c0000000)
  object space 349568K, 37% used [0x0000000740000000,0x0000000747f1bbe8,0x0000000755560000)
 PSPermGen       total 59072K, used 59054K [0x000000073ae00000, 0x000000073e7b0000, 0x0000000740000000)
  object space 59072K, 99% used [0x000000073ae00000,0x000000073e7abb10,0x000000073e7b0000)
Event: 73789.221 GC heap after
Heap after GC invocations=795 (full 340):
 PSYoungGen      total 168896K, used 4148K [0x00000007c0000000, 0x00000007caaa0000, 0x0000000800000000)
  eden space 164736K, 0% used [0x00000007c0000000,0x00000007c0000000,0x00000007ca0e0000)
  from space 4160K, 99% used [0x00000007ca0e0000,0x00000007ca4ed088,0x00000007ca4f0000)
  to   space 5568K, 0% used [0x00000007ca530000,0x00000007ca530000,0x00000007caaa0000)
 ParOldGen       total 349568K, used 130377K [0x0000000740000000, 0x0000000755560000, 0x00000007c0000000)
  object space 349568K, 37% used [0x0000000740000000,0x0000000747f52710,0x0000000755560000)
 PSPermGen       total 59072K, used 59054K [0x000000073ae00000, 0x000000073e7b0000, 0x0000000740000000)
  object space 59072K, 99% used [0x000000073ae00000,0x000000073e7abb10,0x000000073e7b0000)
}
Event: 73801.470 GC heap before
{Heap before GC invocations=796 (full 340):
 PSYoungGen      total 168896K, used 168884K [0x00000007c0000000, 0x00000007caaa0000, 0x0000000800000000)
  eden space 164736K, 100% used [0x00000007c0000000,0x00000007ca0e0000,0x00000007ca0e0000)
  from space 4160K, 99% used [0x00000007ca0e0000,0x00000007ca4ed088,0x00000007ca4f0000)
  to   space 5568K, 0% used [0x00000007ca530000,0x00000007ca530000,0x00000007caaa0000)
 ParOldGen       total 349568K, used 130377K [0x0000000740000000, 0x0000000755560000, 0x00000007c0000000)
  object space 349568K, 37% used [0x0000000740000000,0x0000000747f52710,0x0000000755560000)
 PSPermGen       total 59072K, used 59062K [0x000000073ae00000, 0x000000073e7b0000, 0x0000000740000000)
  object space 59072K, 99% used [0x000000073ae00000,0x000000073e7ad870,0x000000073e7b0000)
Event: 73801.473 GC heap after
Heap after GC invocations=796 (full 340):
 PSYoungGen      total 169472K, used 1362K [0x00000007c0000000, 0x00000007caaa0000, 0x0000000800000000)
  eden space 163904K, 0% used [0x00000007c0000000,0x00000007c0000000,0x00000007ca010000)
  from space 5568K, 24% used [0x00000007ca530000,0x00000007ca684b00,0x00000007caaa0000)
  to   space 5248K, 0% used [0x00000007ca010000,0x00000007ca010000,0x00000007ca530000)
 ParOldGen       total 349568K, used 132042K [0x0000000740000000, 0x0000000755560000, 0x00000007c0000000)
  object space 349568K, 37% used [0x0000000740000000,0x00000007480f2ba0,0x0000000755560000)
 PSPermGen       total 59072K, used 59062K [0x000000073ae00000, 0x000000073e7b0000, 0x0000000740000000)
  object space 59072K, 99% used [0x000000073ae00000,0x000000073e7ad870,0x000000073e7b0000)
}

