# JRE version: 7.0_25-b17
# Java VM: Java HotSpot(TM) 64-Bit Server VM (23.25-b01 mixed mode windows-amd64 compressed oops)
Heap
 PSYoungGen      total 174400K, used 4451K [0x00000007c0000000, 0x00000007caaa0000, 0x0000000800000000)
  eden space 174016K, 2% used [0x00000007c0000000,0x00000007c0458fa0,0x00000007ca9f0000)
  from space 384K, 0% used [0x00000007caa40000,0x00000007caa40000,0x00000007caaa0000)
  to   space 320K, 0% used [0x00000007ca9f0000,0x00000007ca9f0000,0x00000007caa40000)
 ParOldGen       total 349568K, used 47713K [0x0000000740000000, 0x0000000755560000, 0x00000007c0000000)
  object space 349568K, 13% used [0x0000000740000000,0x0000000742e98688,0x0000000755560000)
 PSPermGen       total 58432K, used 58421K [0x000000073ae00000, 0x000000073e710000, 0x0000000740000000)
  object space 58432K, 99% used [0x000000073ae00000,0x000000073e70d608,0x000000073e710000)
GC Heap History (10 events):
Event: 13932.714 GC heap before
{Heap before GC invocations=399 (full 183):
 PSYoungGen      total 174336K, used 128K [0x00000007c0000000, 0x00000007caaa0000, 0x0000000800000000)
  eden space 173952K, 0% used [0x00000007c0000000,0x00000007c0000000,0x00000007ca9e0000)
  from space 384K, 33% used [0x00000007caa40000,0x00000007caa60000,0x00000007caaa0000)
  to   space 384K, 0% used [0x00000007ca9e0000,0x00000007ca9e0000,0x00000007caa40000)
 ParOldGen       total 349568K, used 47711K [0x0000000740000000, 0x0000000755560000, 0x00000007c0000000)
  object space 349568K, 13% used [0x0000000740000000,0x0000000742e97df0,0x0000000755560000)
 PSPermGen       total 58432K, used 58421K [0x000000073ae00000, 0x000000073e710000, 0x0000000740000000)
  object space 58432K, 99% used [0x000000073ae00000,0x000000073e70d5c8,0x000000073e710000)
Event: 13932.805 GC heap after
Heap after GC invocations=399 (full 183):
 PSYoungGen      total 174336K, used 0K [0x00000007c0000000, 0x00000007caaa0000, 0x0000000800000000)
  eden space 173952K, 0% used [0x00000007c0000000,0x00000007c0000000,0x00000007ca9e0000)
  from space 384K, 0% used [0x00000007caa40000,0x00000007caa40000,0x00000007caaa0000)
  to   space 384K, 0% used [0x00000007ca9e0000,0x00000007ca9e0000,0x00000007caa40000)
 ParOldGen       total 349568K, used 47713K [0x0000000740000000, 0x0000000755560000, 0x00000007c0000000)
  object space 349568K, 13% used [0x0000000740000000,0x0000000742e98540,0x0000000755560000)
 PSPermGen       total 58432K, used 58421K [0x000000073ae00000, 0x000000073e710000, 0x0000000740000000)
  object space 58432K, 99% used [0x000000073ae00000,0x000000073e70d5c8,0x000000073e710000)
}
Event: 13992.716 GC heap before
{Heap before GC invocations=400 (full 183):
 PSYoungGen      total 174336K, used 39227K [0x00000007c0000000, 0x00000007caaa0000, 0x0000000800000000)
  eden space 173952K, 22% used [0x00000007c0000000,0x00000007c264ee70,0x00000007ca9e0000)
  from space 384K, 0% used [0x00000007caa40000,0x00000007caa40000,0x00000007caaa0000)
  to   space 384K, 0% used [0x00000007ca9e0000,0x00000007ca9e0000,0x00000007caa40000)
 ParOldGen       total 349568K, used 47713K [0x0000000740000000, 0x0000000755560000, 0x00000007c0000000)
  object space 349568K, 13% used [0x0000000740000000,0x0000000742e98540,0x0000000755560000)
 PSPermGen       total 58432K, used 58421K [0x000000073ae00000, 0x000000073e710000, 0x0000000740000000)
  object space 58432K, 99% used [0x000000073ae00000,0x000000073e70d5c8,0x000000073e710000)
Event: 13992.718 GC heap after
Heap after GC invocations=400 (full 183):
 PSYoungGen      total 174336K, used 192K [0x00000007c0000000, 0x00000007caaa0000, 0x0000000800000000)
  eden space 173952K, 0% used [0x00000007c0000000,0x00000007c0000000,0x00000007ca9e0000)
  from space 384K, 50% used [0x00000007ca9e0000,0x00000007caa10000,0x00000007caa40000)
  to   space 384K, 0% used [0x00000007caa40000,0x00000007caa40000,0x00000007caaa0000)
 ParOldGen       total 349568K, used 47713K [0x0000000740000000, 0x0000000755560000, 0x00000007c0000000)
  object space 349568K, 13% used [0x0000000740000000,0x0000000742e98540,0x0000000755560000)
 PSPermGen       total 58432K, used 58421K [0x000000073ae00000, 0x000000073e710000, 0x0000000740000000)
  object space 58432K, 99% used [0x000000073ae00000,0x000000073e70d5c8,0x000000073e710000)
}
Event: 13992.718 GC heap before
{Heap before GC invocations=401 (full 184):
 PSYoungGen      total 174336K, used 192K [0x00000007c0000000, 0x00000007caaa0000, 0x0000000800000000)
  eden space 173952K, 0% used [0x00000007c0000000,0x00000007c0000000,0x00000007ca9e0000)
  from space 384K, 50% used [0x00000007ca9e0000,0x00000007caa10000,0x00000007caa40000)
  to   space 384K, 0% used [0x00000007caa40000,0x00000007caa40000,0x00000007caaa0000)
 ParOldGen       total 349568K, used 47713K [0x0000000740000000, 0x0000000755560000, 0x00000007c0000000)
  object space 349568K, 13% used [0x0000000740000000,0x0000000742e98540,0x0000000755560000)
 PSPermGen       total 58432K, used 58421K [0x000000073ae00000, 0x000000073e710000, 0x0000000740000000)
  object space 58432K, 99% used [0x000000073ae00000,0x000000073e70d5c8,0x000000073e710000)
Event: 13992.811 GC heap after
Heap after GC invocations=401 (full 184):
 PSYoungGen      total 174336K, used 0K [0x00000007c0000000, 0x00000007caaa0000, 0x0000000800000000)
  eden space 173952K, 0% used [0x00000007c0000000,0x00000007c0000000,0x00000007ca9e0000)
  from space 384K, 0% used [0x00000007ca9e0000,0x00000007ca9e0000,0x00000007caa40000)
  to   space 384K, 0% used [0x00000007caa40000,0x00000007caa40000,0x00000007caaa0000)
 ParOldGen       total 349568K, used 47716K [0x0000000740000000, 0x0000000755560000, 0x00000007c0000000)
  object space 349568K, 13% used [0x0000000740000000,0x0000000742e99260,0x0000000755560000)
 PSPermGen       total 58432K, used 58421K [0x000000073ae00000, 0x000000073e710000, 0x0000000740000000)
  object space 58432K, 99% used [0x000000073ae00000,0x000000073e70d5c8,0x000000073e710000)
}
Event: 14052.730 GC heap before
{Heap before GC invocations=402 (full 184):
 PSYoungGen      total 174336K, used 3665K [0x00000007c0000000, 0x00000007caaa0000, 0x0000000800000000)
  eden space 173952K, 2% used [0x00000007c0000000,0x00000007c03945b0,0x00000007ca9e0000)
  from space 384K, 0% used [0x00000007ca9e0000,0x00000007ca9e0000,0x00000007caa40000)
  to   space 384K, 0% used [0x00000007caa40000,0x00000007caa40000,0x00000007caaa0000)
 ParOldGen       total 349568K, used 47716K [0x0000000740000000, 0x0000000755560000, 0x00000007c0000000)
  object space 349568K, 13% used [0x0000000740000000,0x0000000742e99260,0x0000000755560000)
 PSPermGen       total 58432K, used 58421K [0x000000073ae00000, 0x000000073e710000, 0x0000000740000000)
  object space 58432K, 99% used [0x000000073ae00000,0x000000073e70d5c8,0x000000073e710000)
Event: 14052.732 GC heap after
Heap after GC invocations=402 (full 184):
 PSYoungGen      total 174400K, used 160K [0x00000007c0000000, 0x00000007caaa0000, 0x0000000800000000)
  eden space 174016K, 0% used [0x00000007c0000000,0x00000007c0000000,0x00000007ca9f0000)
  from space 384K, 41% used [0x00000007caa40000,0x00000007caa68000,0x00000007caaa0000)
  to   space 320K, 0% used [0x00000007ca9f0000,0x00000007ca9f0000,0x00000007caa40000)
 ParOldGen       total 349568K, used 47716K [0x0000000740000000, 0x0000000755560000, 0x00000007c0000000)
  object space 349568K, 13% used [0x0000000740000000,0x0000000742e99260,0x0000000755560000)
 PSPermGen       total 58432K, used 58421K [0x000000073ae00000, 0x000000073e710000, 0x0000000740000000)
  object space 58432K, 99% used [0x000000073ae00000,0x000000073e70d5c8,0x000000073e710000)
}
Event: 14052.732 GC heap before
{Heap before GC invocations=403 (full 185):
 PSYoungGen      total 174400K, used 160K [0x00000007c0000000, 0x00000007caaa0000, 0x0000000800000000)
  eden space 174016K, 0% used [0x00000007c0000000,0x00000007c0000000,0x00000007ca9f0000)
  from space 384K, 41% used [0x00000007caa40000,0x00000007caa68000,0x00000007caaa0000)
  to   space 320K, 0% used [0x00000007ca9f0000,0x00000007ca9f0000,0x00000007caa40000)
 ParOldGen       total 349568K, used 47716K [0x0000000740000000, 0x0000000755560000, 0x00000007c0000000)
  object space 349568K, 13% used [0x0000000740000000,0x0000000742e99260,0x0000000755560000)
 PSPermGen       total 58432K, used 58421K [0x000000073ae00000, 0x000000073e710000, 0x0000000740000000)
  object space 58432K, 99% used [0x000000073ae00000,0x000000073e70d5c8,0x000000073e710000)
Event: 14052.825 GC heap after
Heap after GC invocations=403 (full 185):
 PSYoungGen      total 174400K, used 0K [0x00000007c0000000, 0x00000007caaa0000, 0x0000000800000000)
  eden space 174016K, 0% used [0x00000007c0000000,0x00000007c0000000,0x00000007ca9f0000)
  from space 384K, 0% used [0x00000007caa40000,0x00000007caa40000,0x00000007caaa0000)
  to   space 320K, 0% used [0x00000007ca9f0000,0x00000007ca9f0000,0x00000007caa40000)
 ParOldGen       total 349568K, used 47713K [0x0000000740000000, 0x0000000755560000, 0x00000007c0000000)
  object space 349568K, 13% used [0x0000000740000000,0x0000000742e98688,0x0000000755560000)
 PSPermGen       total 58432K, used 58421K [0x000000073ae00000, 0x000000073e710000, 0x0000000740000000)
  object space 58432K, 99% used [0x000000073ae00000,0x000000073e70d5c8,0x000000073e710000)
}

