# JRE version: 7.0_25-b17
# Java VM: Java HotSpot(TM) 64-Bit Server VM (23.25-b01 mixed mode windows-amd64 compressed oops)
Heap
 PSYoungGen      total 169152K, used 144146K [0x00000007c0000000, 0x00000007caaa0000, 0x0000000800000000)
  eden space 165760K, 84% used [0x00000007c0000000,0x00000007c8978a28,0x00000007ca1e0000)
  from space 3392K, 99% used [0x00000007ca1e0000,0x00000007ca52bfe0,0x00000007ca530000)
  to   space 4864K, 0% used [0x00000007ca5e0000,0x00000007ca5e0000,0x00000007caaa0000)
 ParOldGen       total 349568K, used 52148K [0x0000000740000000, 0x0000000755560000, 0x00000007c0000000)
  object space 349568K, 14% used [0x0000000740000000,0x00000007432ed008,0x0000000755560000)
 PSPermGen       total 59968K, used 59684K [0x000000073ae00000, 0x000000073e890000, 0x0000000740000000)
  object space 59968K, 99% used [0x000000073ae00000,0x000000073e8490c0,0x000000073e890000)
GC Heap History (10 events):
Event: 16355.724 GC heap before
{Heap before GC invocations=707 (full 255):
 PSYoungGen      total 169280K, used 163191K [0x00000007c0000000, 0x00000007caaa0000, 0x0000000800000000)
  eden space 164096K, 99% used [0x00000007c0000000,0x00000007c9ecded8,0x00000007ca040000)
  from space 5184K, 11% used [0x00000007ca040000,0x00000007ca0d0000,0x00000007ca550000)
  to   space 4992K, 0% used [0x00000007ca5c0000,0x00000007ca5c0000,0x00000007caaa0000)
 ParOldGen       total 349568K, used 51581K [0x0000000740000000, 0x0000000755560000, 0x00000007c0000000)
  object space 349568K, 14% used [0x0000000740000000,0x000000074325f778,0x0000000755560000)
 PSPermGen       total 59968K, used 59671K [0x000000073ae00000, 0x000000073e890000, 0x0000000740000000)
  object space 59968K, 99% used [0x000000073ae00000,0x000000073e845cf8,0x000000073e890000)
Event: 16355.727 GC heap after
Heap after GC invocations=707 (full 255):
 PSYoungGen      total 169920K, used 416K [0x00000007c0000000, 0x00000007caaa0000, 0x0000000800000000)
  eden space 164928K, 0% used [0x00000007c0000000,0x00000007c0000000,0x00000007ca110000)
  from space 4992K, 8% used [0x00000007ca5c0000,0x00000007ca628000,0x00000007caaa0000)
  to   space 4800K, 0% used [0x00000007ca110000,0x00000007ca110000,0x00000007ca5c0000)
 ParOldGen       total 349568K, used 51821K [0x0000000740000000, 0x0000000755560000, 0x00000007c0000000)
  object space 349568K, 14% used [0x0000000740000000,0x000000074329b778,0x0000000755560000)
 PSPermGen       total 59968K, used 59671K [0x000000073ae00000, 0x000000073e890000, 0x0000000740000000)
  object space 59968K, 99% used [0x000000073ae00000,0x000000073e845cf8,0x000000073e890000)
}
Event: 16355.727 GC heap before
{Heap before GC invocations=708 (full 256):
 PSYoungGen      total 169920K, used 416K [0x00000007c0000000, 0x00000007caaa0000, 0x0000000800000000)
  eden space 164928K, 0% used [0x00000007c0000000,0x00000007c0000000,0x00000007ca110000)
  from space 4992K, 8% used [0x00000007ca5c0000,0x00000007ca628000,0x00000007caaa0000)
  to   space 4800K, 0% used [0x00000007ca110000,0x00000007ca110000,0x00000007ca5c0000)
 ParOldGen       total 349568K, used 51821K [0x0000000740000000, 0x0000000755560000, 0x00000007c0000000)
  object space 349568K, 14% used [0x0000000740000000,0x000000074329b778,0x0000000755560000)
 PSPermGen       total 59968K, used 59671K [0x000000073ae00000, 0x000000073e890000, 0x0000000740000000)
  object space 59968K, 99% used [0x000000073ae00000,0x000000073e845cf8,0x000000073e890000)
Event: 16355.834 GC heap after
Heap after GC invocations=708 (full 256):
 PSYoungGen      total 169920K, used 0K [0x00000007c0000000, 0x00000007caaa0000, 0x0000000800000000)
  eden space 164928K, 0% used [0x00000007c0000000,0x00000007c0000000,0x00000007ca110000)
  from space 4992K, 0% used [0x00000007ca5c0000,0x00000007ca5c0000,0x00000007caaa0000)
  to   space 4800K, 0% used [0x00000007ca110000,0x00000007ca110000,0x00000007ca5c0000)
 ParOldGen       total 349568K, used 51522K [0x0000000740000000, 0x0000000755560000, 0x00000007c0000000)
  object space 349568K, 14% used [0x0000000740000000,0x00000007432509e8,0x0000000755560000)
 PSPermGen       total 59968K, used 59670K [0x000000073ae00000, 0x000000073e890000, 0x0000000740000000)
  object space 59968K, 99% used [0x000000073ae00000,0x000000073e845af8,0x000000073e890000)
}
Event: 16365.916 GC heap before
{Heap before GC invocations=709 (full 256):
 PSYoungGen      total 169920K, used 164928K [0x00000007c0000000, 0x00000007caaa0000, 0x0000000800000000)
  eden space 164928K, 100% used [0x00000007c0000000,0x00000007ca110000,0x00000007ca110000)
  from space 4992K, 0% used [0x00000007ca5c0000,0x00000007ca5c0000,0x00000007caaa0000)
  to   space 4800K, 0% used [0x00000007ca110000,0x00000007ca110000,0x00000007ca5c0000)
 ParOldGen       total 349568K, used 51522K [0x0000000740000000, 0x0000000755560000, 0x00000007c0000000)
  object space 349568K, 14% used [0x0000000740000000,0x00000007432509e8,0x0000000755560000)
 PSPermGen       total 59968K, used 59677K [0x000000073ae00000, 0x000000073e890000, 0x0000000740000000)
  object space 59968K, 99% used [0x000000073ae00000,0x000000073e8474d0,0x000000073e890000)
Event: 16365.919 GC heap after
Heap after GC invocations=709 (full 256):
 PSYoungGen      total 169728K, used 706K [0x00000007c0000000, 0x00000007caaa0000, 0x0000000800000000)
  eden space 164928K, 0% used [0x00000007c0000000,0x00000007c0000000,0x00000007ca110000)
  from space 4800K, 14% used [0x00000007ca110000,0x00000007ca1c0ae0,0x00000007ca5c0000)
  to   space 4608K, 0% used [0x00000007ca620000,0x00000007ca620000,0x00000007caaa0000)
 ParOldGen       total 349568K, used 51522K [0x0000000740000000, 0x0000000755560000, 0x00000007c0000000)
  object space 349568K, 14% used [0x0000000740000000,0x00000007432509e8,0x0000000755560000)
 PSPermGen       total 59968K, used 59677K [0x000000073ae00000, 0x000000073e890000, 0x0000000740000000)
  object space 59968K, 99% used [0x000000073ae00000,0x000000073e8474d0,0x000000073e890000)
}
Event: 16374.627 GC heap before
{Heap before GC invocations=710 (full 256):
 PSYoungGen      total 169728K, used 165634K [0x00000007c0000000, 0x00000007caaa0000, 0x0000000800000000)
  eden space 164928K, 100% used [0x00000007c0000000,0x00000007ca110000,0x00000007ca110000)
  from space 4800K, 14% used [0x00000007ca110000,0x00000007ca1c0ae0,0x00000007ca5c0000)
  to   space 4608K, 0% used [0x00000007ca620000,0x00000007ca620000,0x00000007caaa0000)
 ParOldGen       total 349568K, used 51522K [0x0000000740000000, 0x0000000755560000, 0x00000007c0000000)
  object space 349568K, 14% used [0x0000000740000000,0x00000007432509e8,0x0000000755560000)
 PSPermGen       total 59968K, used 59678K [0x000000073ae00000, 0x000000073e890000, 0x0000000740000000)
  object space 59968K, 99% used [0x000000073ae00000,0x000000073e8479e0,0x000000073e890000)
Event: 16374.630 GC heap after
Heap after GC invocations=710 (full 256):
 PSYoungGen      total 170368K, used 664K [0x00000007c0000000, 0x00000007caaa0000, 0x0000000800000000)
  eden space 165760K, 0% used [0x00000007c0000000,0x00000007c0000000,0x00000007ca1e0000)
  from space 4608K, 14% used [0x00000007ca620000,0x00000007ca6c60f0,0x00000007caaa0000)
  to   space 4352K, 0% used [0x00000007ca1e0000,0x00000007ca1e0000,0x00000007ca620000)
 ParOldGen       total 349568K, used 51981K [0x0000000740000000, 0x0000000755560000, 0x00000007c0000000)
  object space 349568K, 14% used [0x0000000740000000,0x00000007432c34c8,0x0000000755560000)
 PSPermGen       total 59968K, used 59678K [0x000000073ae00000, 0x000000073e890000, 0x0000000740000000)
  object space 59968K, 99% used [0x000000073ae00000,0x000000073e8479e0,0x000000073e890000)
}
Event: 16393.543 GC heap before
{Heap before GC invocations=711 (full 256):
 PSYoungGen      total 170368K, used 166424K [0x00000007c0000000, 0x00000007caaa0000, 0x0000000800000000)
  eden space 165760K, 100% used [0x00000007c0000000,0x00000007ca1e0000,0x00000007ca1e0000)
  from space 4608K, 14% used [0x00000007ca620000,0x00000007ca6c60f0,0x00000007caaa0000)
  to   space 4352K, 0% used [0x00000007ca1e0000,0x00000007ca1e0000,0x00000007ca620000)
 ParOldGen       total 349568K, used 51981K [0x0000000740000000, 0x0000000755560000, 0x00000007c0000000)
  object space 349568K, 14% used [0x0000000740000000,0x00000007432c34c8,0x0000000755560000)
 PSPermGen       total 59968K, used 59679K [0x000000073ae00000, 0x000000073e890000, 0x0000000740000000)
  object space 59968K, 99% used [0x000000073ae00000,0x000000073e847c78,0x000000073e890000)
Event: 16393.623 GC heap after
Heap after GC invocations=711 (full 256):
 PSYoungGen      total 169152K, used 3375K [0x00000007c0000000, 0x00000007caaa0000, 0x0000000800000000)
  eden space 165760K, 0% used [0x00000007c0000000,0x00000007c0000000,0x00000007ca1e0000)
  from space 3392K, 99% used [0x00000007ca1e0000,0x00000007ca52bfe0,0x00000007ca530000)
  to   space 4864K, 0% used [0x00000007ca5e0000,0x00000007ca5e0000,0x00000007caaa0000)
 ParOldGen       total 349568K, used 52148K [0x0000000740000000, 0x0000000755560000, 0x00000007c0000000)
  object space 349568K, 14% used [0x0000000740000000,0x00000007432ed008,0x0000000755560000)
 PSPermGen       total 59968K, used 59679K [0x000000073ae00000, 0x000000073e890000, 0x0000000740000000)
  object space 59968K, 99% used [0x000000073ae00000,0x000000073e847c78,0x000000073e890000)
}

